Using pre-set license
Built from '2020.3/staging' branch; Version is '2020.3.0f1 (c7b5465681fb) revision 13088070'; Using compiler version '192528614'; Build Type 'Release'
OS: 'Windows 10 Pro; OS build 19042.1110; Version 2009; 64bit' Language: 'fr' Physical Memory: 16317 MB
BatchMode: 1, IsHumanControllingUs: 0, StartBugReporterOnCrash: 0, Is64bit: 1, IsPro: 0

 COMMAND LINE ARGUMENTS:
T:\Programmes\UnityHub\UnityVersion\2020.3.0f1\Editor\Unity.exe
-adb2
-batchMode
-noUpm
-name
AssetImportWorker0
-projectPath
T:/Projects/ESGI/Dame-online/Dame-online
-logFile
Logs/AssetImportWorker0.log
-srvPort
64443
Successfully changed project path to: T:/Projects/ESGI/Dame-online/Dame-online
T:/Projects/ESGI/Dame-online/Dame-online
Using Asset Import Pipeline V2.
Refreshing native plugins compatible for Editor in 27.88 ms, found 0 plugins.
Preloading 0 native plugins for Editor in 0.00 ms.
Initialize engine version: 2020.3.0f1 (c7b5465681fb)
[Subsystems] Discovering subsystems at path T:/Programmes/UnityHub/UnityVersion/2020.3.0f1/Editor/Data/Resources/UnitySubsystems
[Subsystems] Discovering subsystems at path T:/Projects/ESGI/Dame-online/Dame-online/Assets
GfxDevice: creating device client; threaded=0
Direct3D:
    Version:  Direct3D 11.0 [level 11.1]
    Renderer: NVIDIA GeForce GTX 1080 (ID=0x1b80)
    Vendor:   
    VRAM:     8079 MB
    Driver:   27.21.14.6589
Initialize mono
Mono path[0] = 'T:/Programmes/UnityHub/UnityVersion/2020.3.0f1/Editor/Data/Managed'
Mono path[1] = 'T:/Programmes/UnityHub/UnityVersion/2020.3.0f1/Editor/Data/MonoBleedingEdge/lib/mono/unityjit'
Mono config path = 'T:/Programmes/UnityHub/UnityVersion/2020.3.0f1/Editor/Data/MonoBleedingEdge/etc'
Using monoOptions --debugger-agent=transport=dt_socket,embedding=1,server=y,suspend=n,address=127.0.0.1:56828
Begin MonoManager ReloadAssembly
Registering precompiled unity dll's ...
Register platform support module: T:/Programmes/UnityHub/UnityVersion/2020.3.0f1/Editor/Data/PlaybackEngines/WebGLSupport/UnityEditor.WebGL.Extensions.dll
Register platform support module: T:/Programmes/UnityHub/UnityVersion/2020.3.0f1/Editor/Data/PlaybackEngines/WindowsStandaloneSupport/UnityEditor.WindowsStandalone.Extensions.dll
Registered in 0.001124 seconds.
Native extension for WindowsStandalone target not found
Native extension for WebGL target not found
Refreshing native plugins compatible for Editor in 26.62 ms, found 0 plugins.
Preloading 0 native plugins for Editor in 0.00 ms.
Invoked RoslynAnalysisRunner static constructor.
RoslynAnalysisRunner will not be running.
RoslynAnalysisRunner has terminated.
Mono: successfully reloaded assembly
- Completed reload, in  1.052 seconds
Platform modules already initialized, skipping
Registering precompiled user dll's ...
Registered in 0.001628 seconds.
Begin MonoManager ReloadAssembly
Native extension for WindowsStandalone target not found
Native extension for WebGL target not found
Refreshing native plugins compatible for Editor in 0.26 ms, found 0 plugins.
Preloading 0 native plugins for Editor in 0.00 ms.
Invoked RoslynAnalysisRunner static constructor.
RoslynAnalysisRunner will not be running.
RoslynAnalysisRunner has terminated.
Mono: successfully reloaded assembly
- Completed reload, in  0.817 seconds
Platform modules already initialized, skipping
========================================================================
Worker process is ready to serve import requests
Launched and connected shader compiler UnityShaderCompiler.exe after 0.05 seconds
Refreshing native plugins compatible for Editor in 0.24 ms, found 0 plugins.
Preloading 0 native plugins for Editor in 0.00 ms.
Unloading 1337 Unused Serialized files (Serialized files now loaded: 0)
System memory in use before: 64.0 MB.
System memory in use after: 64.0 MB.

Unloading 16 unused Assets to reduce memory usage. Loaded Objects now: 1774.
Total: 1.834400 ms (FindLiveObjects: 0.172600 ms CreateObjectMapping: 0.057400 ms MarkObjects: 1.530900 ms  DeleteObjects: 0.072500 ms)

========================================================================
Received Import Request.
  path: Assets/Scripts/Multuplayer
  artifactKey: Guid(420ed8498e2516047ae3940516bfb0b3) Importer(815301076,1909f56bfc062723c751e8b465ee728b)
Start importing Assets/Scripts/Multuplayer using Guid(420ed8498e2516047ae3940516bfb0b3) Importer(815301076,1909f56bfc062723c751e8b465ee728b)  -> (artifact id: 'a42199647cc8370e626379db1e1cd83c') in 0.007805 seconds
  Import took 0.009613 seconds .

========================================================================
Received Import Request.
  Time since last request: 3.235126 seconds.
  path: Assets/Scripts/Multuplayer/Luncher.cs
  artifactKey: Guid(a423ee3bf47bb6544ae6d29d6b8004e9) Importer(815301076,1909f56bfc062723c751e8b465ee728b)
Start importing Assets/Scripts/Multuplayer/Luncher.cs using Guid(a423ee3bf47bb6544ae6d29d6b8004e9) Importer(815301076,1909f56bfc062723c751e8b465ee728b)  -> (artifact id: '6fc1fd63a1bebeb0889cee23973bf662') in 0.031155 seconds
  Import took 0.033351 seconds .

========================================================================
Received Import Request.
  Time since last request: 0.042108 seconds.
  path: Assets/Scripts/Multuplayer/Luncher.cs
  artifactKey: Guid(a423ee3bf47bb6544ae6d29d6b8004e9) Importer(815301076,1909f56bfc062723c751e8b465ee728b)
Start importing Assets/Scripts/Multuplayer/Luncher.cs using Guid(a423ee3bf47bb6544ae6d29d6b8004e9) Importer(815301076,1909f56bfc062723c751e8b465ee728b)  -> (artifact id: '6fc1fd63a1bebeb0889cee23973bf662') in 0.002677 seconds
  Import took 0.009070 seconds .

========================================================================
Received Prepare
Registering precompiled user dll's ...
Registered in 0.001715 seconds.
Begin MonoManager ReloadAssembly
Native extension for WindowsStandalone target not found
Native extension for WebGL target not found
Refreshing native plugins compatible for Editor in 0.28 ms, found 0 plugins.
Preloading 0 native plugins for Editor in 0.00 ms.
Invoked RoslynAnalysisRunner static constructor.
RoslynAnalysisRunner will not be running.
RoslynAnalysisRunner has terminated.
Mono: successfully reloaded assembly
- Completed reload, in  1.683 seconds
Platform modules already initialized, skipping
Refreshing native plugins compatible for Editor in 0.29 ms, found 0 plugins.
Preloading 0 native plugins for Editor in 0.00 ms.
Unloading 1332 Unused Serialized files (Serialized files now loaded: 0)
System memory in use before: 63.9 MB.
System memory in use after: 64.0 MB.

Unloading 10 unused Assets to reduce memory usage. Loaded Objects now: 1779.
Total: 2.293300 ms (FindLiveObjects: 0.146900 ms CreateObjectMapping: 0.046400 ms MarkObjects: 1.483600 ms  DeleteObjects: 0.614800 ms)

========================================================================
Received Prepare
Registering precompiled user dll's ...
Registered in 0.001454 seconds.
Begin MonoManager ReloadAssembly
Native extension for WindowsStandalone target not found
Native extension for WebGL target not found
Refreshing native plugins compatible for Editor in 0.28 ms, found 0 plugins.
Preloading 0 native plugins for Editor in 0.00 ms.
Invoked RoslynAnalysisRunner static constructor.
RoslynAnalysisRunner will not be running.
RoslynAnalysisRunner has terminated.
Mono: successfully reloaded assembly
- Completed reload, in  0.778 seconds
Platform modules already initialized, skipping
Refreshing native plugins compatible for Editor in 0.26 ms, found 0 plugins.
Preloading 0 native plugins for Editor in 0.00 ms.
Unloading 1331 Unused Serialized files (Serialized files now loaded: 0)
System memory in use before: 63.9 MB.
System memory in use after: 64.0 MB.

Unloading 11 unused Assets to reduce memory usage. Loaded Objects now: 1782.
Total: 1.307400 ms (FindLiveObjects: 0.124300 ms CreateObjectMapping: 0.037200 ms MarkObjects: 1.103200 ms  DeleteObjects: 0.041300 ms)

========================================================================
Received Import Request.
  Time since last request: 33.679646 seconds.
  path: Assets/Scripts/Multuplayer/Launcher.cs
  artifactKey: Guid(82e9c59fb3f091c4582623004d88f53e) Importer(815301076,1909f56bfc062723c751e8b465ee728b)
Start importing Assets/Scripts/Multuplayer/Launcher.cs using Guid(82e9c59fb3f091c4582623004d88f53e) Importer(815301076,1909f56bfc062723c751e8b465ee728b)  -> (artifact id: '503d3ab764da0727bf4684cca2d15906') in 0.029844 seconds
  Import took 0.034077 seconds .

========================================================================
Received Prepare
Registering precompiled user dll's ...
Registered in 0.001440 seconds.
Begin MonoManager ReloadAssembly
Native extension for WindowsStandalone target not found
Native extension for WebGL target not found
Refreshing native plugins compatible for Editor in 0.36 ms, found 0 plugins.
Preloading 0 native plugins for Editor in 0.00 ms.
Invoked RoslynAnalysisRunner static constructor.
RoslynAnalysisRunner will not be running.
RoslynAnalysisRunner has terminated.
Mono: successfully reloaded assembly
- Completed reload, in  1.028 seconds
Platform modules already initialized, skipping
Refreshing native plugins compatible for Editor in 0.32 ms, found 0 plugins.
Preloading 0 native plugins for Editor in 0.00 ms.
Unloading 1332 Unused Serialized files (Serialized files now loaded: 0)
System memory in use before: 63.9 MB.
System memory in use after: 64.0 MB.

Unloading 10 unused Assets to reduce memory usage. Loaded Objects now: 1787.
Total: 1.662500 ms (FindLiveObjects: 0.159600 ms CreateObjectMapping: 0.042800 ms MarkObjects: 1.409800 ms  DeleteObjects: 0.048800 ms)

========================================================================
Received Prepare
Registering precompiled user dll's ...
Registered in 0.107167 seconds.
Begin MonoManager ReloadAssembly
Native extension for WindowsStandalone target not found
Native extension for WebGL target not found
Refreshing native plugins compatible for Editor in 0.27 ms, found 0 plugins.
Preloading 0 native plugins for Editor in 0.00 ms.
Invoked RoslynAnalysisRunner static constructor.
RoslynAnalysisRunner will not be running.
RoslynAnalysisRunner has terminated.
Mono: successfully reloaded assembly
- Completed reload, in  0.768 seconds
Platform modules already initialized, skipping
Refreshing native plugins compatible for Editor in 0.35 ms, found 0 plugins.
Preloading 0 native plugins for Editor in 0.00 ms.
Unloading 1332 Unused Serialized files (Serialized files now loaded: 0)
System memory in use before: 63.9 MB.
System memory in use after: 64.0 MB.

Unloading 10 unused Assets to reduce memory usage. Loaded Objects now: 1791.
Total: 1.364200 ms (FindLiveObjects: 0.128700 ms CreateObjectMapping: 0.037500 ms MarkObjects: 1.153300 ms  DeleteObjects: 0.043800 ms)

========================================================================
Received Import Request.
  Time since last request: 133.660677 seconds.
  path: Assets/Scripts/Multuplayer/Launcher.cs
  artifactKey: Guid(82e9c59fb3f091c4582623004d88f53e) Importer(815301076,1909f56bfc062723c751e8b465ee728b)
Start importing Assets/Scripts/Multuplayer/Launcher.cs using Guid(82e9c59fb3f091c4582623004d88f53e) Importer(815301076,1909f56bfc062723c751e8b465ee728b)  -> (artifact id: '90b2098c9e3798559c9c4ac2ebd881e5') in 0.008712 seconds
  Import took 0.011321 seconds .

========================================================================
Received Import Request.
  Time since last request: 22.918931 seconds.
  path: Assets/Photon/PhotonUnityNetworking
  artifactKey: Guid(d2b6672cc770a19438ff06fcb2637630) Importer(815301076,1909f56bfc062723c751e8b465ee728b)
Start importing Assets/Photon/PhotonUnityNetworking using Guid(d2b6672cc770a19438ff06fcb2637630) Importer(815301076,1909f56bfc062723c751e8b465ee728b)  -> (artifact id: '1fea3fafc8171f0486144201aba57bb8') in 0.009041 seconds
  Import took 0.011383 seconds .

========================================================================
Received Import Request.
  Time since last request: 4.337447 seconds.
  path: Assets/Photon/PhotonUnityNetworking/Resources
  artifactKey: Guid(a0104f3612c3ae545bcbc32c9fa1be09) Importer(815301076,1909f56bfc062723c751e8b465ee728b)
Start importing Assets/Photon/PhotonUnityNetworking/Resources using Guid(a0104f3612c3ae545bcbc32c9fa1be09) Importer(815301076,1909f56bfc062723c751e8b465ee728b)  -> (artifact id: '7c2557987ef8a7c5280aa109435fdeb8') in 0.010323 seconds
  Import took 0.012821 seconds .

========================================================================
Received Import Request.
  Time since last request: 0.776280 seconds.
  path: Assets/Photon/PhotonUnityNetworking/Resources/PhotonServerSettings.asset
  artifactKey: Guid(8374864e6d3ce3647b37d5cfd3787c0c) Importer(815301076,1909f56bfc062723c751e8b465ee728b)
Start importing Assets/Photon/PhotonUnityNetworking/Resources/PhotonServerSettings.asset using Guid(8374864e6d3ce3647b37d5cfd3787c0c) Importer(815301076,1909f56bfc062723c751e8b465ee728b)  -> (artifact id: '3620ffa2561b46baafeff7c94affa1ed') in 0.037357 seconds
  Import took 0.040698 seconds .

========================================================================
Received Prepare
Registering precompiled user dll's ...
Registered in 0.001597 seconds.
Begin MonoManager ReloadAssembly
Native extension for WindowsStandalone target not found
Native extension for WebGL target not found
Refreshing native plugins compatible for Editor in 0.25 ms, found 0 plugins.
Preloading 0 native plugins for Editor in 0.00 ms.
Invoked RoslynAnalysisRunner static constructor.
RoslynAnalysisRunner will not be running.
RoslynAnalysisRunner has terminated.
Mono: successfully reloaded assembly
- Completed reload, in  0.748 seconds
Platform modules already initialized, skipping
Refreshing native plugins compatible for Editor in 0.25 ms, found 0 plugins.
Preloading 0 native plugins for Editor in 0.00 ms.
Unloading 1332 Unused Serialized files (Serialized files now loaded: 0)
System memory in use before: 64.0 MB.
System memory in use after: 64.0 MB.

Unloading 10 unused Assets to reduce memory usage. Loaded Objects now: 1795.
Total: 2.112400 ms (FindLiveObjects: 0.146700 ms CreateObjectMapping: 0.098000 ms MarkObjects: 1.815800 ms  DeleteObjects: 0.050700 ms)

========================================================================
Received Prepare
Registering precompiled user dll's ...
Registered in 0.001889 seconds.
Begin MonoManager ReloadAssembly
Native extension for WindowsStandalone target not found
Native extension for WebGL target not found
Refreshing native plugins compatible for Editor in 0.35 ms, found 0 plugins.
Preloading 0 native plugins for Editor in 0.00 ms.
Invoked RoslynAnalysisRunner static constructor.
RoslynAnalysisRunner will not be running.
RoslynAnalysisRunner has terminated.
Mono: successfully reloaded assembly
- Completed reload, in  1.255 seconds
Platform modules already initialized, skipping
Refreshing native plugins compatible for Editor in 0.26 ms, found 0 plugins.
Preloading 0 native plugins for Editor in 0.00 ms.
Unloading 1345 Unused Serialized files (Serialized files now loaded: 0)
System memory in use before: 65.7 MB.
System memory in use after: 65.1 MB.

Unloading 23 unused Assets to reduce memory usage. Loaded Objects now: 1799.
Total: 3.556400 ms (FindLiveObjects: 0.227200 ms CreateObjectMapping: 0.054800 ms MarkObjects: 2.932900 ms  DeleteObjects: 0.339800 ms)

========================================================================
Received Import Request.
  Time since last request: 423.561387 seconds.
  path: Assets/Scenes 1
  artifactKey: Guid(5a7a6d02a6e8152429f81e084553b899) Importer(815301076,1909f56bfc062723c751e8b465ee728b)
Start importing Assets/Scenes 1 using Guid(5a7a6d02a6e8152429f81e084553b899) Importer(815301076,1909f56bfc062723c751e8b465ee728b)  -> (artifact id: '98e80690bfcc018634b71ef80c38ee28') in 0.012085 seconds
  Import took 0.015844 seconds .

========================================================================
Received Import Request.
  Time since last request: 5.035300 seconds.
  path: Assets/Scenes
  artifactKey: Guid(cae254214b87fc141af13f65fc44c252) Importer(815301076,1909f56bfc062723c751e8b465ee728b)
Start importing Assets/Scenes using Guid(cae254214b87fc141af13f65fc44c252) Importer(815301076,1909f56bfc062723c751e8b465ee728b)  -> (artifact id: 'ada1ce29fae364fa3e5dc2d71f44c59e') in 0.016613 seconds
  Import took 0.018894 seconds .

========================================================================
Received Import Request.
  Time since last request: 21.219242 seconds.
  path: Assets/Scenes/MenuScene.unity
  artifactKey: Guid(c177e52f41a232c4abf4644a04670c9b) Importer(815301076,1909f56bfc062723c751e8b465ee728b)
Start importing Assets/Scenes/MenuScene.unity using Guid(c177e52f41a232c4abf4644a04670c9b) Importer(815301076,1909f56bfc062723c751e8b465ee728b)  -> (artifact id: '8eb8cac2d9604710ad95209e61b1d1b8') in 0.019121 seconds
  Import took 0.020986 seconds .

========================================================================
Received Import Request.
  Time since last request: 7.082424 seconds.
  path: Assets/Prefabs/Canvas.prefab
  artifactKey: Guid(405d1a409fee9bb4fb66a69986297f0f) Importer(815301076,1909f56bfc062723c751e8b465ee728b)
Start importing Assets/Prefabs/Canvas.prefab using Guid(405d1a409fee9bb4fb66a69986297f0f) Importer(815301076,1909f56bfc062723c751e8b465ee728b)  -> (artifact id: 'c5176117da35b4396af0a2a4f4f6131a') in 0.089629 seconds
  Import took 0.092200 seconds .

========================================================================
Received Import Request.
  Time since last request: 16.033109 seconds.
  path: Assets/TextMesh Pro
  artifactKey: Guid(f54d1bd14bd3ca042bd867b519fee8cc) Importer(815301076,1909f56bfc062723c751e8b465ee728b)
Start importing Assets/TextMesh Pro using Guid(f54d1bd14bd3ca042bd867b519fee8cc) Importer(815301076,1909f56bfc062723c751e8b465ee728b)  -> (artifact id: 'b0422b807d91bca404ec1c13ada9650f') in 0.010120 seconds
  Import took 0.012169 seconds .

========================================================================
Received Import Request.
  Time since last request: 17.817259 seconds.
  path: Assets/Packages
  artifactKey: Guid(593f8b269bc5dd348ad62bd558bfb350) Importer(815301076,1909f56bfc062723c751e8b465ee728b)
Start importing Assets/Packages using Guid(593f8b269bc5dd348ad62bd558bfb350) Importer(815301076,1909f56bfc062723c751e8b465ee728b)  -> (artifact id: 'dd291f67a415f2df3ab470452585502d') in 0.010079 seconds
  Import took 0.012001 seconds .

========================================================================
Received Import Request.
  Time since last request: 4.111035 seconds.
  path: Assets/Photon
  artifactKey: Guid(98951132346795f438babe7a3183da43) Importer(815301076,1909f56bfc062723c751e8b465ee728b)
Start importing Assets/Photon using Guid(98951132346795f438babe7a3183da43) Importer(815301076,1909f56bfc062723c751e8b465ee728b)  -> (artifact id: '1666d4cc9945edff641504d21e998826') in 0.020106 seconds
  Import took 0.023880 seconds .

========================================================================
Received Prepare
Registering precompiled user dll's ...
Registered in 0.002427 seconds.
Begin MonoManager ReloadAssembly
Native extension for WindowsStandalone target not found
Native extension for WebGL target not found
Refreshing native plugins compatible for Editor in 0.28 ms, found 0 plugins.
Preloading 0 native plugins for Editor in 0.00 ms.
Invoked RoslynAnalysisRunner static constructor.
RoslynAnalysisRunner will not be running.
Temp/RoslynAnalysisRunner has been deleted.
RoslynAnalysisRunner has terminated.
Mono: successfully reloaded assembly
- Completed reload, in  2.366 seconds
Platform modules already initialized, skipping
Refreshing native plugins compatible for Editor in 0.28 ms, found 0 plugins.
Preloading 0 native plugins for Editor in 0.00 ms.
Unloading 1345 Unused Serialized files (Serialized files now loaded: 0)
System memory in use before: 65.5 MB.
System memory in use after: 65.0 MB.

Unloading 23 unused Assets to reduce memory usage. Loaded Objects now: 1803.
Total: 2.306600 ms (FindLiveObjects: 0.277900 ms CreateObjectMapping: 0.128100 ms MarkObjects: 1.494700 ms  DeleteObjects: 0.404400 ms)

